[debug] [2023-12-28T12:52:58.040Z] ----------------------------------------------------------------------
[debug] [2023-12-28T12:52:58.042Z] Command:       C:\Program Files\nodejs\node.exe C:\Users\harsh\AppData\Roaming\npm\node_modules\firebase-tools\lib\bin\firebase.js init
[debug] [2023-12-28T12:52:58.042Z] CLI Version:   13.0.2
[debug] [2023-12-28T12:52:58.042Z] Platform:      win32
[debug] [2023-12-28T12:52:58.042Z] Node Version:  v20.9.0
[debug] [2023-12-28T12:52:58.043Z] Time:          Thu Dec 28 2023 18:22:58 GMT+0530 (India Standard Time)
[debug] [2023-12-28T12:52:58.043Z] ----------------------------------------------------------------------
[debug] 
[debug] [2023-12-28T12:52:58.046Z] > command requires scopes: ["email","openid","https://www.googleapis.com/auth/cloudplatformprojects.readonly","https://www.googleapis.com/auth/firebase","https://www.googleapis.com/auth/cloud-platform"]
[debug] [2023-12-28T12:52:58.047Z] > authorizing via signed-in user (harshvchawla997@gmail.com)
[info] 
     ######## #### ########  ######## ########     ###     ######  ########
     ##        ##  ##     ## ##       ##     ##  ##   ##  ##       ##
     ######    ##  ########  ######   ########  #########  ######  ######
     ##        ##  ##    ##  ##       ##     ## ##     ##       ## ##
     ##       #### ##     ## ######## ########  ##     ##  ######  ########

You're about to initialize a Firebase project in this directory:

  F:\F\AuthApp

[info] 
=== Project Setup
[info] 
[info] First, let's associate this project directory with a Firebase project.
[info] You can create multiple project aliases by running firebase use --add, 
[info] but for now we'll just set up a default project.
[info] 
[info] i  If you want to create a project in a Google Cloud organization or folder, please use "firebase projects:create" instead, and return to this command when you've created the project. 
